#
# There is insufficient memory for the Java Runtime Environment to continue.
# Native memory allocation (malloc) failed to allocate 1048576 bytes for AllocateHeap
# Possible reasons:
#   The system is out of physical RAM or swap space
#   The process is running with CompressedOops enabled, and the Java Heap may be blocking the growth of the native heap
# Possible solutions:
#   Reduce memory load on the system
#   Increase physical memory or swap space
#   Check if swap backing store is full
#   Decrease Java heap size (-Xmx/-Xms)
#   Decrease number of Java threads
#   Decrease Java thread stack sizes (-Xss)
#   Set larger code cache with -XX:ReservedCodeCacheSize=
#   JVM is running with Unscaled Compressed Oops mode in which the Java heap is
#     placed in the first 4GB address space. The Java Heap base address is the
#     maximum limit for the native heap growth. Please use -XX:HeapBaseMinAddress
#     to set the Java Heap base and to place the Java Heap above 4GB virtual address.
# This output file may be truncated or incomplete.
#
#  Out of Memory Error (memory/allocation.inline.hpp:61), pid=448, tid=0x0000000000003bf0
#
# JRE version:  (8.0_241-b07) (build )
# Java VM: Java HotSpot(TM) 64-Bit Server VM (25.241-b07 mixed mode windows-amd64 compressed oops)
# Failed to write core dump. Minidumps are not enabled by default on client versions of Windows
#

---------------  T H R E A D  ---------------

Current thread (0x0000000002a44800):  JavaThread "Unknown thread" [_thread_in_vm, id=15344, stack(0x0000000002940000,0x0000000002a40000)]

Stack: [0x0000000002940000,0x0000000002a40000]
[error occurred during error reporting (printing stack bounds), id 0xc0000005]

Native frames: (J=compiled Java code, j=interpreted, Vv=VM code, C=native code)


---------------  P R O C E S S  ---------------

Java Threads: ( => current thread )

Other Threads:

=>0x0000000002a44800 (exited) JavaThread "Unknown thread" [_thread_in_vm, id=15344, stack(0x0000000002940000,0x0000000002a40000)]

VM state:not at safepoint (normal execution)

VM Mutex/Monitor currently owned by a thread: None

heap address: 0x00000000c4a00000, size: 950 MB, Compressed Oops mode: 32-bit
Narrow klass base: 0x0000000000000000, Narrow klass shift: 3
Compressed class space size: 1073741824 Address: 0x0000000100000000

Heap:
 PSYoungGen      total 17920K, used 307K [0x00000000ec380000, 0x00000000ed780000, 0x0000000100000000)
  eden space 15360K, 2% used [0x00000000ec380000,0x00000000ec3cccd8,0x00000000ed280000)
  from space 2560K, 0% used [0x00000000ed500000,0x00000000ed500000,0x00000000ed780000)
  to   space 2560K, 0% used [0x00000000ed280000,0x00000000ed280000,0x00000000ed500000)
 ParOldGen       total 40960K, used 0K [0x00000000c4a00000, 0x00000000c7200000, 0x00000000ec380000)
  object space 40960K, 0% used [0x00000000c4a00000,0x00000000c4a00000,0x00000000c7200000)
 Metaspace       used 752K, capacity 4480K, committed 4480K, reserved 1056768K
  class space    used 76K, capacity 384K, committed 384K, reserved 1048576K

Card table byte_map: [0x0000000011f00000,0x00000000120e0000] byte_map_base: 0x00000000118db000

Marking Bits: (ParMarkBitMap*) 0x0000000075d7be30
 Begin Bits: [0x0000000012620000, 0x00000000134f8000)
 End Bits:   [0x00000000134f8000, 0x00000000143d0000)

Polling page: 0x0000000002800000

CodeCache: size=245760Kb used=328Kb max_used=328Kb free=245431Kb
 bounds [0x0000000002b40000, 0x0000000002db0000, 0x0000000011b40000]
 total_blobs=58 nmethods=0 adapters=38
 compilation: enabled

Compilation events (0 events):
No events

GC Heap History (0 events):
No events

Deoptimization events (0 events):
No events

Classes redefined (0 events):
No events

Internal exceptions (0 events):
No events

Events (10 events):
Event: 0.075 loading class java/lang/Short
Event: 0.075 loading class java/lang/Short done
Event: 0.075 loading class java/lang/Integer
Event: 0.075 loading class java/lang/Integer done
Event: 0.075 loading class java/lang/Long
Event: 0.076 loading class java/lang/Long done
Event: 0.077 loading class java/lang/NullPointerException
Event: 0.077 loading class java/lang/NullPointerException done
Event: 0.077 loading class java/lang/ArithmeticException
Event: 0.077 loading class java/lang/ArithmeticException done


Dynamic libraries:
0x00007ff73b760000 - 0x00007ff73b797000 	C:\Program Files\Java\jre1.8.0_241\bin\javaw.exe
0x00007ffc28e60000 - 0x00007ffc29041000 	C:\WINDOWS\SYSTEM32\ntdll.dll
0x00007ffc216f0000 - 0x00007ffc21703000 	C:\Program Files\AVG\Antivirus\aswhook.dll
0x00007ffc26e00000 - 0x00007ffc26eb1000 	C:\WINDOWS\System32\KERNEL32.DLL
0x00007ffc253f0000 - 0x00007ffc25663000 	C:\WINDOWS\System32\KERNELBASE.dll
0x00007ffc28c20000 - 0x00007ffc28cc1000 	C:\WINDOWS\System32\ADVAPI32.dll
0x00007ffc27050000 - 0x00007ffc270ee000 	C:\WINDOWS\System32\msvcrt.dll
0x00007ffc265c0000 - 0x00007ffc2661b000 	C:\WINDOWS\System32\sechost.dll
0x00007ffc28cf0000 - 0x00007ffc28e14000 	C:\WINDOWS\System32\RPCRT4.dll
0x00007ffc26af0000 - 0x00007ffc26c80000 	C:\WINDOWS\System32\USER32.dll
0x00007ffc253d0000 - 0x00007ffc253f0000 	C:\WINDOWS\System32\win32u.dll
0x00007ffc26ec0000 - 0x00007ffc26ee8000 	C:\WINDOWS\System32\GDI32.dll
0x00007ffc25930000 - 0x00007ffc25ac1000 	C:\WINDOWS\System32\gdi32full.dll
0x00007ffc25230000 - 0x00007ffc252cf000 	C:\WINDOWS\System32\msvcp_win.dll
0x00007ffc252d0000 - 0x00007ffc253c8000 	C:\WINDOWS\System32\ucrtbase.dll
0x00007ffc16590000 - 0x00007ffc167f9000 	C:\WINDOWS\WinSxS\amd64_microsoft.windows.common-controls_6595b64144ccf1df_6.0.17134.885_none_fb42a3473065565f\COMCTL32.dll
0x00007ffc26620000 - 0x00007ffc26942000 	C:\WINDOWS\System32\combase.dll
0x00007ffc25670000 - 0x00007ffc256e9000 	C:\WINDOWS\System32\bcryptPrimitives.dll
0x00007ffc271b0000 - 0x00007ffc271dd000 	C:\WINDOWS\System32\IMM32.DLL
0x0000000075e00000 - 0x0000000075ed2000 	C:\Program Files\Java\jre1.8.0_241\bin\msvcr100.dll
0x0000000075550000 - 0x0000000075dfc000 	C:\Program Files\Java\jre1.8.0_241\bin\server\jvm.dll
0x00007ffc28e20000 - 0x00007ffc28e28000 	C:\WINDOWS\System32\PSAPI.DLL
0x00007ffc0b6b0000 - 0x00007ffc0b6b9000 	C:\WINDOWS\SYSTEM32\WSOCK32.dll
0x00007ffc28bb0000 - 0x00007ffc28c1c000 	C:\WINDOWS\System32\WS2_32.dll
0x00007ffc23380000 - 0x00007ffc233a3000 	C:\WINDOWS\SYSTEM32\WINMM.dll
0x00007ffc1ee70000 - 0x00007ffc1ee7a000 	C:\WINDOWS\SYSTEM32\VERSION.dll
0x00007ffc22ee0000 - 0x00007ffc22f0a000 	C:\WINDOWS\SYSTEM32\WINMMBASE.dll
0x00007ffc258e0000 - 0x00007ffc25929000 	C:\WINDOWS\System32\cfgmgr32.dll
0x00007ffc234d0000 - 0x00007ffc234df000 	C:\Program Files\Java\jre1.8.0_241\bin\verify.dll
0x00007ffc21450000 - 0x00007ffc21479000 	C:\Program Files\Java\jre1.8.0_241\bin\java.dll
0x00007ffc1b7a0000 - 0x00007ffc1b7b6000 	C:\Program Files\Java\jre1.8.0_241\bin\zip.dll

VM Arguments:
jvm_args: -Dfile.encoding=UTF-8 
java_command: com.parkit.parkingsystem.App
java_class_path (initial): C:\Users\Elev\eclipse-workspace-java-se\parkingsystem\target\classes;C:\Users\Elev\.m2\repository\org\apache\logging\log4j\log4j-api\2.12.1\log4j-api-2.12.1.jar;C:\Users\Elev\.m2\repository\org\apache\logging\log4j\log4j-core\2.12.1\log4j-core-2.12.1.jar;C:\Users\Elev\.m2\repository\mysql\mysql-connector-java\8.0.17\mysql-connector-java-8.0.17.jar;C:\Users\Elev\.m2\repository\com\google\protobuf\protobuf-java\3.6.1\protobuf-java-3.6.1.jar;C:\Users\Elev\.m2\repository\org\jacoco\jacoco-maven-plugin\0.8.5\jacoco-maven-plugin-0.8.5.jar;C:\Users\Elev\.m2\repository\org\apache\maven\maven-plugin-api\3.0\maven-plugin-api-3.0.jar;C:\Users\Elev\.m2\repository\org\sonatype\sisu\sisu-inject-plexus\1.4.2\sisu-inject-plexus-1.4.2.jar;C:\Users\Elev\.m2\repository\org\sonatype\sisu\sisu-inject-bean\1.4.2\sisu-inject-bean-1.4.2.jar;C:\Users\Elev\.m2\repository\org\sonatype\sisu\sisu-guice\2.1.7\sisu-guice-2.1.7-noaop.jar;C:\Users\Elev\.m2\repository\org\apache\maven\maven-core\3.0\maven-core-3.0.jar;C:\Users\Elev\.m2\repository\org\apache\maven\maven-settings\3.0\maven-settings-3.0.jar;C:\Users\Elev\.m2\repository\org\apache\maven\maven-settings-builder\3.0\maven-settings-builder-3.0.jar;C:\Users\Elev\.m2\repository\org\apache\maven\maven-repository-metadata\3.0\maven-repository-metadata-3.0.jar;C:\Users\Elev\.m2\repository\org\apache\maven\maven-model-builder\3.0\maven-model-builder-3.0.jar;C:\Users\Elev\.m2\repository\org\apache\maven\maven-aether-provider\3.0\maven-aether-provider-3.0.jar;C:\Users\Elev\.m2\repository\org\sonatype\aether\aether-impl\1.7\aether-impl-1.7.jar;C:\Users\Elev\.m2\repository\org\sonatype\aether\aether-spi\1.7\aether-spi-1.7.jar;C:\Users\Elev\.m2\repository\org\sonatype\aether\aether-api\1.7\aether-api-1.7.jar;C:\Users\Elev\.m2\repository\org\sonatype\aether\aether-util\1.7\aether-util-1.7.jar;C:\Users\Elev\.m2\repository\org\codehaus\plexus\plexus-classworlds\2.2.3\plexus-classworlds-2.2.3.jar;C:\Users\Elev\.m2\repository\o
Launcher Type: SUN_STANDARD

Environment Variables:
JAVA_HOME=C:\Program Files\Java\jdk1.8.0_241\
PATH=C:/Program Files/Java/jdk1.8.0_241//bin/../jre/bin/server;C:/Program Files/Java/jdk1.8.0_241//bin/../jre/bin;C:/Program Files/Java/jdk1.8.0_241//bin/../jre/lib/amd64;C:\Program Files\Java\jdk1.8.0_241\;C:\Program Files\Java\jdk1.8.0_241\\bin;C:\WINDOWS\system32;C:\WINDOWS;C:\WINDOWS\System32\WindowsPowerShell\v1.0\;C:\WINDOWS\System32\OpenSSH\;C:\Program Files\Git\cmd;C:\Program Files (x86)\Common Files\Oracle\Java\javapath;C:\Program Files\apache-maven-3.6.3\bin;C:\Program Files\nodejs\;C:\Program Files\Java\jdk1.8.0_241\;C:\Users\Elev\AppData\Local\Microsoft\WindowsApps;C:\Users\Elev\AppData\Local\Programs\Microsoft VS Code\bin;C:\Program Files\Java\jdk1.8.0_241\;C:\Users\Elev\AppData\Roaming\npm;C:\WINDOWS\System32;
USERNAME=Linus
OS=Windows_NT
PROCESSOR_IDENTIFIER=Intel64 Family 6 Model 61 Stepping 4, GenuineIntel



---------------  S Y S T E M  ---------------

OS: Windows 10.0 , 64 bit Build 17134 (10.0.17134.753)

CPU:total 4 (initial active 4) (2 cores per cpu, 2 threads per core) family 6 model 61 stepping 4, cmov, cx8, fxsr, mmx, sse, sse2, sse3, ssse3, sse4.1, sse4.2, popcnt, avx, avx2, aes, clmul, erms, rtm, 3dnowpref, lzcnt, ht, tsc, tscinvbit, bmi1, bmi2, adx

Memory: 4k page, physical 3883272k(396800k free), swap 13515460k(5912k free)

vm_info: Java HotSpot(TM) 64-Bit Server VM (25.241-b07) for windows-amd64 JRE (1.8.0_241-b07), built on Dec 11 2019 10:21:40 by "rejava" with MS VC++ 10.0 (VS2010)

time: Wed May 13 17:27:19 2020
timezone: Paris, Madrid (heure d’été)
elapsed time: 0 seconds (0d 0h 0m 0s)

